[debug] [2021-01-03T11:21:02.952Z] ----------------------------------------------------------------------
[debug] [2021-01-03T11:21:02.957Z] Command:       /usr/local/bin/node /usr/local/bin/firebase emulators:start
[debug] [2021-01-03T11:21:02.958Z] CLI Version:   9.1.0
[debug] [2021-01-03T11:21:02.958Z] Platform:      linux
[debug] [2021-01-03T11:21:02.958Z] Node Version:  v14.15.1
[debug] [2021-01-03T11:21:03.013Z] Time:          Sun Jan 03 2021 16:51:02 GMT+0530 (India Standard Time)
[debug] [2021-01-03T11:21:03.013Z] ----------------------------------------------------------------------
[debug] [2021-01-03T11:21:03.014Z] 
[debug] [2021-01-03T11:21:03.020Z] >>> [apiv2][query] GET https://firebase-public.firebaseio.com/cli.json [none]
[debug] [2021-01-03T11:21:03.096Z] > command requires scopes: ["email","openid","https://www.googleapis.com/auth/cloudplatformprojects.readonly","https://www.googleapis.com/auth/firebase","https://www.googleapis.com/auth/cloud-platform"]
[debug] [2021-01-03T11:21:03.097Z] > authorizing via signed-in user
[info] i  emulators: Starting emulators: auth, functions, firestore, database, hosting {"metadata":{"emulator":{"name":"hub"},"message":"Starting emulators: auth, functions, firestore, database, hosting"}}
[debug] [2021-01-03T11:21:03.131Z] [hub] writing locator at /tmp/hub-arokiym-d2d86.json
[warn] ⚠  functions: The following emulators are not running, calls to these services from the Functions emulator will affect production: pubsub {"metadata":{"emulator":{"name":"functions"},"message":"The following emulators are not running, calls to these services from the Functions emulator will affect production: \u001b[1mpubsub\u001b[22m"}}
[warn] ⚠  Your requested "node" version "12" doesn't match your global version "14" {"metadata":{"emulator":{"name":"functions"},"message":"Your requested \"node\" version \"12\" doesn't match your global version \"14\""}}
[debug] [2021-01-03T11:21:03.318Z] defaultcredentials: writing to file /home/jackson/.config/firebase/jacksonnadar123_gmail_com_application_default_credentials.json
[debug] [2021-01-03T11:21:03.360Z] Setting GAC to /home/jackson/.config/firebase/jacksonnadar123_gmail_com_application_default_credentials.json {"metadata":{"emulator":{"name":"functions"},"message":"Setting GAC to /home/jackson/.config/firebase/jacksonnadar123_gmail_com_application_default_credentials.json"}}
[debug] [2021-01-03T11:21:03.387Z] Ignoring unsupported arg: projectId {"metadata":{"emulator":{"name":"firestore"},"message":"Ignoring unsupported arg: projectId"}}
[debug] [2021-01-03T11:21:03.388Z] Ignoring unsupported arg: auto_download {"metadata":{"emulator":{"name":"firestore"},"message":"Ignoring unsupported arg: auto_download"}}
[debug] [2021-01-03T11:21:03.388Z] Starting Firestore Emulator with command {"binary":"java","args":["-Dgoogle.cloud_firestore.debug_log_level=FINE","-Duser.language=en","-jar","/home/jackson/.cache/firebase/emulators/cloud-firestore-emulator-v1.11.11.jar","--host","localhost","--port",8080,"--rules","/home/jackson/Documents/React/arokiyam/firestore.rules","--functions_emulator","localhost:5001"],"optionalArgs":["port","webchannel_port","host","rules","functions_emulator","seed_from_export"],"joinArgs":false} {"metadata":{"emulator":{"name":"firestore"},"message":"Starting Firestore Emulator with command {\"binary\":\"java\",\"args\":[\"-Dgoogle.cloud_firestore.debug_log_level=FINE\",\"-Duser.language=en\",\"-jar\",\"/home/jackson/.cache/firebase/emulators/cloud-firestore-emulator-v1.11.11.jar\",\"--host\",\"localhost\",\"--port\",8080,\"--rules\",\"/home/jackson/Documents/React/arokiyam/firestore.rules\",\"--functions_emulator\",\"localhost:5001\"],\"optionalArgs\":[\"port\",\"webchannel_port\",\"host\",\"rules\",\"functions_emulator\",\"seed_from_export\"],\"joinArgs\":false}"}}
[info] i  firestore: Firestore Emulator logging to firestore-debug.log {"metadata":{"emulator":{"name":"firestore"},"message":"Firestore Emulator logging to \u001b[1mfirestore-debug.log\u001b[22m"}}
[debug] [2021-01-03T11:21:04.750Z] <<< [apiv2][status] GET https://firebase-public.firebaseio.com/cli.json 200
[debug] [2021-01-03T11:21:04.751Z] <<< [apiv2][body] GET https://firebase-public.firebaseio.com/cli.json {"cloudBuildErrorAfter":1594252800000,"cloudBuildWarnAfter":1590019200000,"defaultNode10After":1594252800000,"minVersion":"3.0.5","node8DeploysDisabledAfter":1613390400000,"node8RuntimeDisabledAfter":1615809600000,"node8WarnAfter":1600128000000}
[debug] [2021-01-03T11:21:10.455Z] API endpoint: http://localhost {"metadata":{"emulator":{"name":"firestore"},"message":"API endpoint: http://localhost"}}
[debug] [2021-01-03T11:21:10.456Z] :8080
If you are using a library that supports the FIRESTORE_EMULATOR_HOST environment variable, run:

   export FIRESTORE_EMULATOR_HOST=localhost:8080

Dev App Server is now running.

 {"metadata":{"emulator":{"name":"firestore"},"message":":8080\nIf you are using a library that supports the FIRESTORE_EMULATOR_HOST environment variable, run:\n\n   export FIRESTORE_EMULATOR_HOST=localhost:8080\n\nDev App Server is now running.\n\n"}}
[debug] [2021-01-03T11:21:10.622Z] database rules config:  [{"instance":"arokiym-d2d86","rules":"/home/jackson/Documents/React/arokiyam/database.rules.json"}]
[debug] [2021-01-03T11:21:10.629Z] Ignoring unsupported arg: projectId {"metadata":{"emulator":{"name":"database"},"message":"Ignoring unsupported arg: projectId"}}
[debug] [2021-01-03T11:21:10.630Z] Ignoring unsupported arg: auto_download {"metadata":{"emulator":{"name":"database"},"message":"Ignoring unsupported arg: auto_download"}}
[debug] [2021-01-03T11:21:10.630Z] Ignoring unsupported arg: rules {"metadata":{"emulator":{"name":"database"},"message":"Ignoring unsupported arg: rules"}}
[debug] [2021-01-03T11:21:10.630Z] Starting Database Emulator with command {"binary":"java","args":["-Duser.language=en","-jar","/home/jackson/.cache/firebase/emulators/firebase-database-emulator-v4.7.1.jar","--host","localhost","--port",9000,"--functions_emulator_host","localhost","--functions_emulator_port",5001],"optionalArgs":["port","host","functions_emulator_port","functions_emulator_host"],"joinArgs":false} {"metadata":{"emulator":{"name":"database"},"message":"Starting Database Emulator with command {\"binary\":\"java\",\"args\":[\"-Duser.language=en\",\"-jar\",\"/home/jackson/.cache/firebase/emulators/firebase-database-emulator-v4.7.1.jar\",\"--host\",\"localhost\",\"--port\",9000,\"--functions_emulator_host\",\"localhost\",\"--functions_emulator_port\",5001],\"optionalArgs\":[\"port\",\"host\",\"functions_emulator_port\",\"functions_emulator_host\"],\"joinArgs\":false}"}}
[info] i  database: Database Emulator logging to database-debug.log {"metadata":{"emulator":{"name":"database"},"message":"Database Emulator logging to \u001b[1mdatabase-debug.log\u001b[22m"}}
[debug] [2021-01-03T11:21:15.593Z] 16:51:15.586 [NamespaceSystem-akka.actor.default-dispatcher-5] INFO akka.event.slf4j.Slf4jLogger - Slf4jLogger started
 {"metadata":{"emulator":{"name":"database"},"message":"16:51:15.586 [NamespaceSystem-akka.actor.default-dispatcher-5] INFO akka.event.slf4j.Slf4jLogger - Slf4jLogger started\n"}}
[debug] [2021-01-03T11:21:16.491Z] 16:51:16.491 [main] INFO com.firebase.server.forge.App$ - Listening at localhost:9000
 {"metadata":{"emulator":{"name":"database"},"message":"16:51:16.491 [main] INFO com.firebase.server.forge.App$ - Listening at localhost:9000\n"}}
[debug] [2021-01-03T11:21:22.683Z] > refreshing access token with scopes: ["email","https://www.googleapis.com/auth/cloud-platform","https://www.googleapis.com/auth/cloudplatformprojects.readonly","https://www.googleapis.com/auth/firebase","openid"]
[debug] [2021-01-03T11:21:22.704Z] >>> HTTP REQUEST POST https://www.googleapis.com/oauth2/v3/token  
 <request body omitted>
[debug] [2021-01-03T11:21:22.998Z] <<< HTTP RESPONSE 200 {"date":"Sun, 03 Jan 2021 11:21:22 GMT","expires":"Mon, 01 Jan 1990 00:00:00 GMT","pragma":"no-cache","cache-control":"no-cache, no-store, max-age=0, must-revalidate","content-type":"application/json; charset=utf-8","vary":"X-Origin, Referer, Origin,Accept-Encoding","server":"scaffolding on HTTPServer2","x-xss-protection":"0","x-frame-options":"SAMEORIGIN","x-content-type-options":"nosniff","alt-svc":"h3-29=\":443\"; ma=2592000,h3-T051=\":443\"; ma=2592000,h3-Q050=\":443\"; ma=2592000,h3-Q046=\":443\"; ma=2592000,h3-Q043=\":443\"; ma=2592000,quic=\":443\"; ma=2592000; v=\"46,43\"","accept-ranges":"none","transfer-encoding":"chunked"}
[debug] [2021-01-03T11:21:24.443Z] >>> HTTP REQUEST GET https://firebase.googleapis.com/v1beta1/projects/arokiym-d2d86/webApps/-/config  
 
[debug] [2021-01-03T11:21:25.814Z] <<< HTTP RESPONSE 200 {"content-type":"application/json; charset=UTF-8","vary":"X-Origin, Referer, Origin,Accept-Encoding","date":"Sun, 03 Jan 2021 11:21:25 GMT","server":"ESF","cache-control":"private","x-xss-protection":"0","x-frame-options":"SAMEORIGIN","x-content-type-options":"nosniff","alt-svc":"h3-29=\":443\"; ma=2592000,h3-T051=\":443\"; ma=2592000,h3-Q050=\":443\"; ma=2592000,h3-Q046=\":443\"; ma=2592000,h3-Q043=\":443\"; ma=2592000,quic=\":443\"; ma=2592000; v=\"46,43\"","accept-ranges":"none","transfer-encoding":"chunked"}
[info] i  hosting: Serving hosting files from: build {"metadata":{"emulator":{"name":"hosting"},"message":"Serving hosting files from: \u001b[1mbuild\u001b[22m"}}
[info] ✔  hosting: Local server: http://localhost:5000 {"metadata":{"emulator":{"name":"hosting"},"message":"Local server: \u001b[4m\u001b[1mhttp://localhost:5000\u001b[22m\u001b[24m"}}
[debug] [2021-01-03T11:21:26.602Z] Ignoring unsupported arg: auto_download {"metadata":{"emulator":{"name":"ui"},"message":"Ignoring unsupported arg: auto_download"}}
[debug] [2021-01-03T11:21:26.603Z] Ignoring unsupported arg: port {"metadata":{"emulator":{"name":"ui"},"message":"Ignoring unsupported arg: port"}}
[debug] [2021-01-03T11:21:26.603Z] Starting Emulator UI with command {"binary":"node","args":["/home/jackson/.cache/firebase/emulators/ui-v1.4.1/server.bundle.js"],"optionalArgs":[],"joinArgs":false} {"metadata":{"emulator":{"name":"ui"},"message":"Starting Emulator UI with command {\"binary\":\"node\",\"args\":[\"/home/jackson/.cache/firebase/emulators/ui-v1.4.1/server.bundle.js\"],\"optionalArgs\":[],\"joinArgs\":false}"}}
[info] i  ui: Emulator UI logging to ui-debug.log {"metadata":{"emulator":{"name":"ui"},"message":"Emulator UI logging to \u001b[1mui-debug.log\u001b[22m"}}
[debug] [2021-01-03T11:21:27.039Z] Web / API server started at http://localhost:6001
 {"metadata":{"emulator":{"name":"ui"},"message":"Web / API server started at http://localhost:6001\n"}}
[info] i  functions: Watching "/home/jackson/Documents/React/arokiyam/functions" for Cloud Functions... {"metadata":{"emulator":{"name":"functions"},"message":"Watching \"/home/jackson/Documents/React/arokiyam/functions\" for Cloud Functions..."}}
[debug] [2021-01-03T11:21:27.196Z] [worker-pool] addWorker(~diagnostic~) {"metadata":{"emulator":{"name":"functions"},"message":"[worker-pool] addWorker(~diagnostic~)"}}
[debug] [2021-01-03T11:21:27.198Z] [worker-pool] Adding worker with key ~diagnostic~, total=1 {"metadata":{"emulator":{"name":"functions"},"message":"[worker-pool] Adding worker with key ~diagnostic~, total=1"}}
[debug] [2021-01-03T11:21:27.198Z] [worker-pool] submitWork(triggerId=) {"metadata":{"emulator":{"name":"functions"},"message":"[worker-pool] submitWork(triggerId=)"}}
[debug] [2021-01-03T11:21:27.203Z] [worker-~diagnostic~-918cb631-4ae9-498a-85f5-17f9e3572596]: Assigning socketPath: /tmp/fire_emu_5274.sock {"metadata":{"emulator":{"name":"functions"},"message":"[worker-~diagnostic~-918cb631-4ae9-498a-85f5-17f9e3572596]: Assigning socketPath: /tmp/fire_emu_5274.sock"}}
[debug] [2021-01-03T11:21:27.205Z] [worker-~diagnostic~-918cb631-4ae9-498a-85f5-17f9e3572596]: BUSY {"metadata":{"emulator":{"name":"functions"},"message":"[worker-~diagnostic~-918cb631-4ae9-498a-85f5-17f9e3572596]: BUSY"}}
[debug] [2021-01-03T11:21:28.564Z] [runtime-status] [5274] Functions runtime initialized. {"cwd":"/home/jackson/Documents/React/arokiyam/functions","node_version":"14.15.1"} {"metadata":{"emulator":{"name":"functions"},"message":"[runtime-status] [5274] Functions runtime initialized. {\"cwd\":\"/home/jackson/Documents/React/arokiyam/functions\",\"node_version\":\"14.15.1\"}"}}
[debug] [2021-01-03T11:21:28.572Z] [runtime-status] [5274] Disabled runtime features: undefined {"metadata":{"emulator":{"name":"functions"},"message":"[runtime-status] [5274] Disabled runtime features: undefined"}}
[debug] [2021-01-03T11:21:28.636Z] [runtime-status] [5274] Resolved module firebase-admin {"declared":true,"installed":true,"version":"9.4.2","resolution":"/home/jackson/Documents/React/arokiyam/functions/node_modules/firebase-admin/lib/index.js"} {"metadata":{"emulator":{"name":"functions"},"message":"[runtime-status] [5274] Resolved module firebase-admin {\"declared\":true,\"installed\":true,\"version\":\"9.4.2\",\"resolution\":\"/home/jackson/Documents/React/arokiyam/functions/node_modules/firebase-admin/lib/index.js\"}"}}
[debug] [2021-01-03T11:21:28.669Z] [runtime-status] [5274] Resolved module firebase-functions {"declared":true,"installed":true,"version":"3.13.0","resolution":"/home/jackson/Documents/React/arokiyam/functions/node_modules/firebase-functions/lib/index.js"} {"metadata":{"emulator":{"name":"functions"},"message":"[runtime-status] [5274] Resolved module firebase-functions {\"declared\":true,\"installed\":true,\"version\":\"3.13.0\",\"resolution\":\"/home/jackson/Documents/React/arokiyam/functions/node_modules/firebase-functions/lib/index.js\"}"}}
[debug] [2021-01-03T11:21:28.741Z] [runtime-status] [5274] Resolved module firebase-functions {"declared":true,"installed":true,"version":"3.13.0","resolution":"/home/jackson/Documents/React/arokiyam/functions/node_modules/firebase-functions/lib/index.js"} {"metadata":{"emulator":{"name":"functions"},"message":"[runtime-status] [5274] Resolved module firebase-functions {\"declared\":true,\"installed\":true,\"version\":\"3.13.0\",\"resolution\":\"/home/jackson/Documents/React/arokiyam/functions/node_modules/firebase-functions/lib/index.js\"}"}}
[debug] [2021-01-03T11:21:28.745Z] [runtime-status] [5274] Outgoing network have been stubbed. [{"name":"http","status":"mocked"},{"name":"http","status":"mocked"},{"name":"https","status":"mocked"},{"name":"https","status":"mocked"},{"name":"net","status":"mocked"}] {"metadata":{"emulator":{"name":"functions"},"message":"[runtime-status] [5274] Outgoing network have been stubbed. [{\"name\":\"http\",\"status\":\"mocked\"},{\"name\":\"http\",\"status\":\"mocked\"},{\"name\":\"https\",\"status\":\"mocked\"},{\"name\":\"https\",\"status\":\"mocked\"},{\"name\":\"net\",\"status\":\"mocked\"}]"}}
[debug] [2021-01-03T11:21:28.746Z] [runtime-status] [5274] Resolved module firebase-functions {"declared":true,"installed":true,"version":"3.13.0","resolution":"/home/jackson/Documents/React/arokiyam/functions/node_modules/firebase-functions/lib/index.js"} {"metadata":{"emulator":{"name":"functions"},"message":"[runtime-status] [5274] Resolved module firebase-functions {\"declared\":true,\"installed\":true,\"version\":\"3.13.0\",\"resolution\":\"/home/jackson/Documents/React/arokiyam/functions/node_modules/firebase-functions/lib/index.js\"}"}}
[debug] [2021-01-03T11:21:29.369Z] [runtime-status] [5274] Checked functions.config() {"config":{}} {"metadata":{"emulator":{"name":"functions"},"message":"[runtime-status] [5274] Checked functions.config() {\"config\":{}}"}}
[debug] [2021-01-03T11:21:29.370Z] [runtime-status] [5274] firebase-functions has been stubbed. {"functionsResolution":{"declared":true,"installed":true,"version":"3.13.0","resolution":"/home/jackson/Documents/React/arokiyam/functions/node_modules/firebase-functions/lib/index.js"}} {"metadata":{"emulator":{"name":"functions"},"message":"[runtime-status] [5274] firebase-functions has been stubbed. {\"functionsResolution\":{\"declared\":true,\"installed\":true,\"version\":\"3.13.0\",\"resolution\":\"/home/jackson/Documents/React/arokiyam/functions/node_modules/firebase-functions/lib/index.js\"}}"}}
[debug] [2021-01-03T11:21:29.370Z] [runtime-status] [5274] Resolved module firebase-functions {"declared":true,"installed":true,"version":"3.13.0","resolution":"/home/jackson/Documents/React/arokiyam/functions/node_modules/firebase-functions/lib/index.js"} {"metadata":{"emulator":{"name":"functions"},"message":"[runtime-status] [5274] Resolved module firebase-functions {\"declared\":true,\"installed\":true,\"version\":\"3.13.0\",\"resolution\":\"/home/jackson/Documents/React/arokiyam/functions/node_modules/firebase-functions/lib/index.js\"}"}}
[debug] [2021-01-03T11:21:29.374Z] [runtime-status] [5274] Resolved module firebase-admin {"declared":true,"installed":true,"version":"9.4.2","resolution":"/home/jackson/Documents/React/arokiyam/functions/node_modules/firebase-admin/lib/index.js"} {"metadata":{"emulator":{"name":"functions"},"message":"[runtime-status] [5274] Resolved module firebase-admin {\"declared\":true,\"installed\":true,\"version\":\"9.4.2\",\"resolution\":\"/home/jackson/Documents/React/arokiyam/functions/node_modules/firebase-admin/lib/index.js\"}"}}
[debug] [2021-01-03T11:21:29.375Z] [runtime-status] [5274] Resolved module firebase-functions {"declared":true,"installed":true,"version":"3.13.0","resolution":"/home/jackson/Documents/React/arokiyam/functions/node_modules/firebase-functions/lib/index.js"} {"metadata":{"emulator":{"name":"functions"},"message":"[runtime-status] [5274] Resolved module firebase-functions {\"declared\":true,\"installed\":true,\"version\":\"3.13.0\",\"resolution\":\"/home/jackson/Documents/React/arokiyam/functions/node_modules/firebase-functions/lib/index.js\"}"}}
[debug] [2021-01-03T11:21:29.375Z] [runtime-status] [5274] firebase-admin has been stubbed. {"adminResolution":{"declared":true,"installed":true,"version":"9.4.2","resolution":"/home/jackson/Documents/React/arokiyam/functions/node_modules/firebase-admin/lib/index.js"}} {"metadata":{"emulator":{"name":"functions"},"message":"[runtime-status] [5274] firebase-admin has been stubbed. {\"adminResolution\":{\"declared\":true,\"installed\":true,\"version\":\"9.4.2\",\"resolution\":\"/home/jackson/Documents/React/arokiyam/functions/node_modules/firebase-admin/lib/index.js\"}}"}}
[debug] [2021-01-03T11:21:29.418Z] >>> HTTP REQUEST PUT http://localhost:9000/.settings/rules.json?ns=arokiym-d2d86  
 {
  "rules": {
    ".read": "auth != null",
    ".write": "auth != null"
  }
}
[debug] [2021-01-03T11:21:29.430Z] [worker-~diagnostic~-918cb631-4ae9-498a-85f5-17f9e3572596]: IDLE {"metadata":{"emulator":{"name":"functions"},"message":"[worker-~diagnostic~-918cb631-4ae9-498a-85f5-17f9e3572596]: IDLE"}}
[debug] [2021-01-03T11:21:31.639Z] <<< HTTP RESPONSE 200 {"content-length":"15","content-type":"application/json; charset=utf-8","access-control-allow-origin":"*","cache-control":"no-cache","x-firebase-project-id":"arokiym-d2d86","x-firebase-project-number":"123456789","x-firebase-uuid":"f3c91204-e835-4744-a49e-2c1780fa3844"}
[info] 
┌─────────────────────────────────────────────────────────────┐
│ ✔  All emulators ready! It is now safe to connect your app. │
│ i  View Emulator UI at http://localhost:6001                │
└─────────────────────────────────────────────────────────────┘

┌────────────────┬────────────────┬─────────────────────────────────┐
│ Emulator       │ Host:Port      │ View in Emulator UI             │
├────────────────┼────────────────┼─────────────────────────────────┤
│ Authentication │ localhost:9099 │ http://localhost:6001/auth      │
├────────────────┼────────────────┼─────────────────────────────────┤
│ Functions      │ localhost:5001 │ http://localhost:6001/functions │
├────────────────┼────────────────┼─────────────────────────────────┤
│ Firestore      │ localhost:8080 │ http://localhost:6001/firestore │
├────────────────┼────────────────┼─────────────────────────────────┤
│ Database       │ localhost:9000 │ http://localhost:6001/database  │
├────────────────┼────────────────┼─────────────────────────────────┤
│ Hosting        │ localhost:5000 │ n/a                             │
└────────────────┴────────────────┴─────────────────────────────────┘
  Emulator Hub running at localhost:4400
  Other reserved ports: 4500

Issues? Report them at https://github.com/firebase/firebase-tools/issues and attach the *-debug.log files.
 
[warn] ⚠  Received a signed JWT. Auth Emulator does not validate JWTs and IS NOT SECURE {"metadata":{"emulator":{"name":"auth"},"message":"Received a signed JWT. Auth Emulator does not validate JWTs and IS NOT SECURE"}}
[debug] [2021-01-03T11:33:49.088Z] >>> [apiv2][query] POST http://localhost:5001/functions/projects/arokiym-d2d86/trigger_multicast [none]
[debug] [2021-01-03T11:33:49.089Z] >>> [apiv2][body] POST http://localhost:5001/functions/projects/arokiym-d2d86/trigger_multicast {"eventType":"providers/firebase.auth/eventTypes/user.create","data":{"uid":"uL8VjrBZpCsJEHbsMbytzJ4igsHg","email":"jacksonnadar123@gmail.com","emailVerified":true,"displayName":"jacksonnadar123@gmail.com","photoURL":"jacksonnadar123@gmail.com","metadata":{"creationTime":"1609673629085","lastSignInTime":"1609673629084"},"customClaims":{},"providerData":[{"providerId":"google.com","rawId":"0400586042124375547718075254159012459207","federatedId":"0400586042124375547718075254159012459207","displayName":"jacksonnadar123@gmail.com","photoUrl":"jacksonnadar123@gmail.com","email":"jacksonnadar123@gmail.com","screenName":"jacksonnadar123@gmail.com"}]}}
[debug] [2021-01-03T11:33:49.120Z] <<< [apiv2][status] POST http://localhost:5001/functions/projects/arokiym-d2d86/trigger_multicast 200
[debug] [2021-01-03T11:33:49.121Z] <<< [apiv2][body] POST http://localhost:5001/functions/projects/arokiym-d2d86/trigger_multicast {"status":"multicast_acknowledged"}
[debug] [2021-01-03T12:28:59.243Z] >>> [apiv2][query] POST http://localhost:5001/functions/projects/arokiym-d2d86/trigger_multicast [none]
[debug] [2021-01-03T12:28:59.451Z] >>> [apiv2][body] POST http://localhost:5001/functions/projects/arokiym-d2d86/trigger_multicast {"eventType":"providers/firebase.auth/eventTypes/user.create","data":{"uid":"ZXz7GLVhwXMTUk8GSHlrUI7ulzZ0","email":"dsgsd@","emailVerified":true,"displayName":"dgs","photoURL":"gs","metadata":{"creationTime":"1609676939242","lastSignInTime":"1609676939242"},"customClaims":{},"providerData":[{"providerId":"facebook.com","rawId":"4605057286332163427050966655993390413756","federatedId":"4605057286332163427050966655993390413756","displayName":"dgs","photoUrl":"gs","email":"dsgsd@","screenName":"dsg"}]}}
[debug] [2021-01-03T12:28:59.499Z] <<< [apiv2][status] POST http://localhost:5001/functions/projects/arokiym-d2d86/trigger_multicast 200
[debug] [2021-01-03T12:28:59.500Z] <<< [apiv2][body] POST http://localhost:5001/functions/projects/arokiym-d2d86/trigger_multicast {"status":"multicast_acknowledged"}
[debug] [2021-01-03T13:17:29.154Z] >>> [apiv2][query] POST http://localhost:5001/functions/projects/arokiym-d2d86/trigger_multicast [none]
[debug] [2021-01-03T13:17:29.273Z] >>> [apiv2][body] POST http://localhost:5001/functions/projects/arokiym-d2d86/trigger_multicast {"eventType":"providers/firebase.auth/eventTypes/user.create","data":{"uid":"96JXuWrjqyI8CYsLrRVwrisok0HC","email":"jack@gmail.com","emailVerified":false,"metadata":{"creationTime":"1609679849118","lastSignInTime":"1609679849032"},"customClaims":{},"providerData":[{"providerId":"password","email":"jack@gmail.com","federatedId":"jack@gmail.com","rawId":"jack@gmail.com"}]}}
[debug] [2021-01-03T13:17:29.590Z] <<< [apiv2][status] POST http://localhost:5001/functions/projects/arokiym-d2d86/trigger_multicast 200
[debug] [2021-01-03T13:17:29.590Z] <<< [apiv2][body] POST http://localhost:5001/functions/projects/arokiym-d2d86/trigger_multicast {"status":"multicast_acknowledged"}
[info] i  To verify the email address jack@gmail.com, follow this link: http://localhost:9099/emulator/action?mode=verifyEmail&lang=en&oobCode=04vHhw_5f1hdkdQSbZaXeuTeHl2sLd0gI5snhS46UlHZkAVuB3O8XB&apiKey=fake-api-key {"metadata":{"emulator":{"name":"auth"},"message":"To verify the email address jack@gmail.com, follow this link: http://localhost:9099/emulator/action?mode=verifyEmail&lang=en&oobCode=04vHhw_5f1hdkdQSbZaXeuTeHl2sLd0gI5snhS46UlHZkAVuB3O8XB&apiKey=fake-api-key"}}
[debug] [2021-01-03T13:18:25.427Z] >>> [apiv2][query] POST http://localhost:5001/functions/projects/arokiym-d2d86/trigger_multicast [none]
[debug] [2021-01-03T13:18:25.428Z] >>> [apiv2][body] POST http://localhost:5001/functions/projects/arokiym-d2d86/trigger_multicast {"eventType":"providers/firebase.auth/eventTypes/user.create","data":{"uid":"usSKQiZZmn5SiHe2E7tDlxKLuwNF","email":"jacksonnadar456@gmail.com","emailVerified":false,"metadata":{"creationTime":"1609679905427","lastSignInTime":"1609679905425"},"customClaims":{},"providerData":[{"providerId":"password","email":"jacksonnadar456@gmail.com","federatedId":"jacksonnadar456@gmail.com","rawId":"jacksonnadar456@gmail.com"}]}}
[debug] [2021-01-03T13:18:25.628Z] <<< [apiv2][status] POST http://localhost:5001/functions/projects/arokiym-d2d86/trigger_multicast 200
[debug] [2021-01-03T13:18:25.628Z] <<< [apiv2][body] POST http://localhost:5001/functions/projects/arokiym-d2d86/trigger_multicast {"status":"multicast_acknowledged"}
[info] i  To verify the email address jacksonnadar456@gmail.com, follow this link: http://localhost:9099/emulator/action?mode=verifyEmail&lang=en&oobCode=rXk8cml2W6ITQKN9pGp3peBRQqGl5JcpalHdoBYLZtrh2SoOCT-hef&apiKey=fake-api-key {"metadata":{"emulator":{"name":"auth"},"message":"To verify the email address jacksonnadar456@gmail.com, follow this link: http://localhost:9099/emulator/action?mode=verifyEmail&lang=en&oobCode=rXk8cml2W6ITQKN9pGp3peBRQqGl5JcpalHdoBYLZtrh2SoOCT-hef&apiKey=fake-api-key"}}
[debug] [2021-01-03T13:19:55.631Z] >>> [apiv2][query] POST http://localhost:5001/functions/projects/arokiym-d2d86/trigger_multicast [none]
[debug] [2021-01-03T13:19:55.632Z] >>> [apiv2][body] POST http://localhost:5001/functions/projects/arokiym-d2d86/trigger_multicast {"eventType":"providers/firebase.auth/eventTypes/user.create","data":{"uid":"PGUM8aSY7xHcz7vUuG4DKIy5HrUQ","email":"jacksonnadar@gmail.com","emailVerified":false,"metadata":{"creationTime":"1609679995630","lastSignInTime":"1609679995630"},"customClaims":{},"providerData":[{"providerId":"password","email":"jacksonnadar@gmail.com","federatedId":"jacksonnadar@gmail.com","rawId":"jacksonnadar@gmail.com"}]}}
[debug] [2021-01-03T13:19:55.890Z] <<< [apiv2][status] POST http://localhost:5001/functions/projects/arokiym-d2d86/trigger_multicast 200
[debug] [2021-01-03T13:19:55.891Z] <<< [apiv2][body] POST http://localhost:5001/functions/projects/arokiym-d2d86/trigger_multicast {"status":"multicast_acknowledged"}
[debug] [2021-01-03T13:25:47.105Z] >>> [apiv2][query] POST http://localhost:5001/functions/projects/arokiym-d2d86/trigger_multicast [none]
[debug] [2021-01-03T13:25:47.105Z] >>> [apiv2][body] POST http://localhost:5001/functions/projects/arokiym-d2d86/trigger_multicast {"eventType":"providers/firebase.auth/eventTypes/user.create","data":{"uid":"dVFTS0Tlws2I3uuVCSif7sZolqFc","email":"jack@gmail.com","emailVerified":false,"metadata":{"creationTime":"1609680347105","lastSignInTime":"1609680347104"},"customClaims":{},"providerData":[{"providerId":"password","email":"jack@gmail.com","federatedId":"jack@gmail.com","rawId":"jack@gmail.com"}]}}
[debug] [2021-01-03T13:25:47.238Z] <<< [apiv2][status] POST http://localhost:5001/functions/projects/arokiym-d2d86/trigger_multicast 200
[debug] [2021-01-03T13:25:47.239Z] <<< [apiv2][body] POST http://localhost:5001/functions/projects/arokiym-d2d86/trigger_multicast {"status":"multicast_acknowledged"}
